<?xml version="1.0" encoding="UTF-8"?>
<Site BuildName="(empty)"
	BuildStamp="20251214-1357-Experimental"
	Name="(empty)"
	Generator="ctest-4.1.1"
	CompilerName=""
	CompilerVersion=""
	OSName="macOS"
	Hostname="MacBook-Air-Veronika-2.local"
	OSRelease="26.2"
	OSVersion="25C56"
	OSPlatform="arm64"
	Is64Bits="1"
	VendorString="Apple"
	VendorID="Apple"
	FamilyID="0"
	ModelID="0"
	ModelName="Apple M3"
	ProcessorCacheSize="131072"
	NumberOfLogicalCPU="8"
	NumberOfPhysicalCPU="8"
	TotalVirtualMemory="5120"
	TotalPhysicalMemory="8192"
	LogicalProcessorsPerPhysical="8"
	ProcessorClockFrequency="0"
	>
	<Testing>
		<StartDateTime>Jan 23 23:12 +07</StartDateTime>
		<StartTestTime>1769184755</StartTestTime>
		<TestList/>
		<EndDateTime>Jan 23 23:12 +07</EndDateTime>
		<EndTestTime>1769184755</EndTestTime>
		<ElapsedMinutes>0</ElapsedMinutes>
	</Testing>
</Site>
